0 info it worked if it ends with ok
1 verbose cli [ 'C:\\Program Files\\nodejs\\node.exe',
1 verbose cli   'C:\\Program Files\\nodejs\\node_modules\\npm\\bin\\npm-cli.js',
1 verbose cli   'install',
1 verbose cli   '-g',
1 verbose cli   'typescript',
1 verbose cli   '--save' ]
2 info using npm@3.10.8
3 info using node@v6.9.1
4 silly loadCurrentTree Starting
5 silly install loadCurrentTree
6 silly install readGlobalPackageData
7 silly fetchPackageMetaData typescript
8 silly fetchNamedPackageData typescript
9 silly mapToRegistry name typescript
10 silly mapToRegistry using default registry
11 silly mapToRegistry registry https://registry.npmjs.org/
12 silly mapToRegistry data Result {
12 silly mapToRegistry   raw: 'typescript',
12 silly mapToRegistry   scope: null,
12 silly mapToRegistry   escapedName: 'typescript',
12 silly mapToRegistry   name: 'typescript',
12 silly mapToRegistry   rawSpec: '',
12 silly mapToRegistry   spec: 'latest',
12 silly mapToRegistry   type: 'tag' }
13 silly mapToRegistry uri https://registry.npmjs.org/typescript
14 verbose request uri https://registry.npmjs.org/typescript
15 verbose request no auth needed
16 info attempt registry request try #1 at 10:30:36 AM
17 verbose request id 3cb3f68fc03f45f5
18 http request GET https://registry.npmjs.org/typescript
19 info retry will retry, error on last attempt: Error: self signed certificate in certificate chain
20 info attempt registry request try #2 at 10:30:53 AM
21 http request GET https://registry.npmjs.org/typescript
22 info retry will retry, error on last attempt: Error: self signed certificate in certificate chain
23 info attempt registry request try #3 at 10:31:54 AM
24 http request GET https://registry.npmjs.org/typescript
25 silly fetchPackageMetaData Error: self signed certificate in certificate chain
25 silly fetchPackageMetaData     at Error (native)
25 silly fetchPackageMetaData     at TLSSocket.<anonymous> (_tls_wrap.js:1062:38)
25 silly fetchPackageMetaData     at emitNone (events.js:86:13)
25 silly fetchPackageMetaData     at TLSSocket.emit (events.js:185:7)
25 silly fetchPackageMetaData     at TLSSocket._finishInit (_tls_wrap.js:586:8)
25 silly fetchPackageMetaData     at TLSWrap.ssl.onhandshakedone (_tls_wrap.js:416:38)
25 silly fetchPackageMetaData  error for typescript { Error: self signed certificate in certificate chain
25 silly fetchPackageMetaData     at Error (native)
25 silly fetchPackageMetaData     at TLSSocket.<anonymous> (_tls_wrap.js:1062:38)
25 silly fetchPackageMetaData     at emitNone (events.js:86:13)
25 silly fetchPackageMetaData     at TLSSocket.emit (events.js:185:7)
25 silly fetchPackageMetaData     at TLSSocket._finishInit (_tls_wrap.js:586:8)
25 silly fetchPackageMetaData     at TLSWrap.ssl.onhandshakedone (_tls_wrap.js:416:38) code: 'SELF_SIGNED_CERT_IN_CHAIN' }
26 silly rollbackFailedOptional Starting
27 silly rollbackFailedOptional Finishing
28 silly runTopLevelLifecycles Finishing
29 silly install printInstalled
30 verbose stack Error: self signed certificate in certificate chain
30 verbose stack     at Error (native)
30 verbose stack     at TLSSocket.<anonymous> (_tls_wrap.js:1062:38)
30 verbose stack     at emitNone (events.js:86:13)
30 verbose stack     at TLSSocket.emit (events.js:185:7)
30 verbose stack     at TLSSocket._finishInit (_tls_wrap.js:586:8)
30 verbose stack     at TLSWrap.ssl.onhandshakedone (_tls_wrap.js:416:38)
31 verbose cwd C:\Users\Veeru\Desktop\learningjavascript
32 error Windows_NT 6.1.7600
33 error argv "C:\\Program Files\\nodejs\\node.exe" "C:\\Program Files\\nodejs\\node_modules\\npm\\bin\\npm-cli.js" "install" "-g" "typescript" "--save"
34 error node v6.9.1
35 error npm  v3.10.8
36 error code SELF_SIGNED_CERT_IN_CHAIN
37 error self signed certificate in certificate chain
38 error If you need help, you may report this error at:
38 error     <https://github.com/npm/npm/issues>
39 verbose exit [ 1, true ]
